2020-08-24 08:57:28.352  INFO 15712 --- [Thread-17] ConfigServletWebServerApplicationContext : Closing org.springframework.boot.web.servlet.context.AnnotationConfigServletWebServerApplicationContext@7daa0fbd: startup date [Fri Aug 21 16:08:41 CST 2020]; root of context hierarchy
2020-08-24 08:57:28.399  INFO 15712 --- [Thread-17] o.s.j.e.a.AnnotationMBeanExporter        : Unregistering JMX-exposed beans on shutdown
2020-08-24 08:57:28.399  INFO 15712 --- [Thread-17] o.s.j.e.a.AnnotationMBeanExporter        : Unregistering JMX-exposed beans
2020-08-24 08:57:28.399  INFO 15712 --- [Thread-17] j.LocalContainerEntityManagerFactoryBean : Closing JPA EntityManagerFactory for persistence unit 'default'
2020-08-24 08:57:28.415  INFO 15712 --- [Thread-17] com.zaxxer.hikari.HikariDataSource       : HikariPool-1 - Shutdown initiated...
2020-08-24 08:57:28.415  INFO 15712 --- [Thread-17] com.zaxxer.hikari.HikariDataSource       : HikariPool-1 - Shutdown completed.
2020-08-24 13:17:42.915  INFO 9728 --- [main] com.huasit.apm.Application               : Starting Application on DESKTOP-49N5FVJ with PID 9728 (D:\project\ceeg\apm\target\classes started by sumin in D:\project\ceeg\apm)
2020-08-24 13:17:42.918  INFO 9728 --- [main] com.huasit.apm.Application               : No active profile set, falling back to default profiles: default
2020-08-24 13:17:42.988  INFO 9728 --- [main] ConfigServletWebServerApplicationContext : Refreshing org.springframework.boot.web.servlet.context.AnnotationConfigServletWebServerApplicationContext@5a37d3ed: startup date [Mon Aug 24 13:17:42 CST 2020]; root of context hierarchy
2020-08-24 13:17:44.098  INFO 9728 --- [main] .s.d.r.c.RepositoryConfigurationDelegate : Multiple Spring Data modules found, entering strict repository configuration mode!
2020-08-24 13:17:44.247  INFO 9728 --- [main] .s.d.r.c.RepositoryConfigurationDelegate : Multiple Spring Data modules found, entering strict repository configuration mode!
2020-08-24 13:17:44.269  INFO 9728 --- [main] .RepositoryConfigurationExtensionSupport : Spring Data Redis - Could not safely identify store assignment for repository candidate interface com.huasit.apm.business.construction.entity.ConstructionRepository.
2020-08-24 13:17:44.271  INFO 9728 --- [main] .RepositoryConfigurationExtensionSupport : Spring Data Redis - Could not safely identify store assignment for repository candidate interface com.huasit.apm.business.material.entity.MaterialGroupRepository.
2020-08-24 13:17:44.271  INFO 9728 --- [main] .RepositoryConfigurationExtensionSupport : Spring Data Redis - Could not safely identify store assignment for repository candidate interface com.huasit.apm.business.material.entity.MaterialRepository.
2020-08-24 13:17:44.271  INFO 9728 --- [main] .RepositoryConfigurationExtensionSupport : Spring Data Redis - Could not safely identify store assignment for repository candidate interface com.huasit.apm.business.submission.entity.SubmissionRepository.
2020-08-24 13:17:44.272  INFO 9728 --- [main] .RepositoryConfigurationExtensionSupport : Spring Data Redis - Could not safely identify store assignment for repository candidate interface com.huasit.apm.core.comment.entity.CommentRepository.
2020-08-24 13:17:44.272  INFO 9728 --- [main] .RepositoryConfigurationExtensionSupport : Spring Data Redis - Could not safely identify store assignment for repository candidate interface com.huasit.apm.core.file.entity.FileRepository.
2020-08-24 13:17:44.272  INFO 9728 --- [main] .RepositoryConfigurationExtensionSupport : Spring Data Redis - Could not safely identify store assignment for repository candidate interface com.huasit.apm.core.menu.entity.MenuRepository.
2020-08-24 13:17:44.272  INFO 9728 --- [main] .RepositoryConfigurationExtensionSupport : Spring Data Redis - Could not safely identify store assignment for repository candidate interface com.huasit.apm.core.role.entity.RoleRepository.
2020-08-24 13:17:44.274  INFO 9728 --- [main] .RepositoryConfigurationExtensionSupport : Spring Data Redis - Could not safely identify store assignment for repository candidate interface com.huasit.apm.core.user.entity.UserRepository.
2020-08-24 13:17:44.274  INFO 9728 --- [main] .RepositoryConfigurationExtensionSupport : Spring Data Redis - Could not safely identify store assignment for repository candidate interface com.huasit.apm.core.user.entity.UserTokenRepository.
2020-08-24 13:17:44.275  INFO 9728 --- [main] .RepositoryConfigurationExtensionSupport : Spring Data Redis - Could not safely identify store assignment for repository candidate interface com.huasit.apm.core.workitem.entity.WorkitemRepository.
2020-08-24 13:17:44.744  INFO 9728 --- [main] trationDelegate$BeanPostProcessorChecker : Bean 'org.springframework.transaction.annotation.ProxyTransactionManagementConfiguration' of type [org.springframework.transaction.annotation.ProxyTransactionManagementConfiguration$$EnhancerBySpringCGLIB$$7cf892c2] is not eligible for getting processed by all BeanPostProcessors (for example: not eligible for auto-proxying)
2020-08-24 13:17:45.076  INFO 9728 --- [main] o.s.b.w.embedded.tomcat.TomcatWebServer  : Tomcat initialized with port(s): 80 (http)
2020-08-24 13:17:45.101  INFO 9728 --- [main] o.apache.catalina.core.StandardService   : Starting service [Tomcat]
2020-08-24 13:17:45.102  INFO 9728 --- [main] org.apache.catalina.core.StandardEngine  : Starting Servlet Engine: Apache Tomcat/8.5.31
2020-08-24 13:17:45.106  INFO 9728 --- [localhost-startStop-1] o.a.catalina.core.AprLifecycleListener   : The APR based Apache Tomcat Native library which allows optimal performance in production environments was not found on the java.library.path: [D:\soft\java\jdk\1.8.0_77_x64\bin;C:\Windows\Sun\Java\bin;C:\Windows\system32;C:\Windows;C:\Windows\system32;C:\Windows;C:\Windows\System32\Wbem;C:\Windows\System32\WindowsPowerShell\v1.0\;C:\Windows\System32\OpenSSH\;C:\Program Files\Microsoft SQL Server\Client SDK\ODBC\130\Tools\Binn\;C:\Program Files (x86)\Microsoft SQL Server\130\Tools\Binn\;C:\Program Files\Microsoft SQL Server\130\Tools\Binn\;C:\Program Files\Microsoft SQL Server\130\DTS\Binn\;C:\Program Files (x86)\Microsoft SQL Server\150\DTS\Binn\;D:\soft\java\jdk\1.8.0_77_x64\bin;C:\Program Files\Git\cmd;D:\soft\adb;C:\Users\sumin\AppData\Local\Microsoft\WindowsApps;;.]
2020-08-24 13:17:45.254  INFO 9728 --- [localhost-startStop-1] o.a.c.c.C.[Tomcat].[localhost].[/api]    : Initializing Spring embedded WebApplicationContext
2020-08-24 13:17:45.255  INFO 9728 --- [localhost-startStop-1] o.s.web.context.ContextLoader            : Root WebApplicationContext: initialization completed in 2266 ms
2020-08-24 13:17:45.447  INFO 9728 --- [localhost-startStop-1] o.s.b.w.servlet.ServletRegistrationBean  : Servlet dispatcherServlet mapped to [/]
2020-08-24 13:17:45.453  INFO 9728 --- [localhost-startStop-1] o.s.b.w.servlet.FilterRegistrationBean   : Mapping filter: 'characterEncodingFilter' to: [/*]
2020-08-24 13:17:45.453  INFO 9728 --- [localhost-startStop-1] o.s.b.w.servlet.FilterRegistrationBean   : Mapping filter: 'hiddenHttpMethodFilter' to: [/*]
2020-08-24 13:17:45.453  INFO 9728 --- [localhost-startStop-1] o.s.b.w.servlet.FilterRegistrationBean   : Mapping filter: 'httpPutFormContentFilter' to: [/*]
2020-08-24 13:17:45.453  INFO 9728 --- [localhost-startStop-1] o.s.b.w.servlet.FilterRegistrationBean   : Mapping filter: 'requestContextFilter' to: [/*]
2020-08-24 13:17:45.453  INFO 9728 --- [localhost-startStop-1] o.s.b.w.servlet.FilterRegistrationBean   : Mapping filter: 'corsConfig' to: [/*]
2020-08-24 13:17:45.453  INFO 9728 --- [localhost-startStop-1] o.s.b.w.servlet.FilterRegistrationBean   : Mapping filter: 'resourceUrlEncodingFilter' to: [/*]
2020-08-24 13:17:45.616  INFO 9728 --- [main] com.zaxxer.hikari.HikariDataSource       : HikariPool-1 - Starting...
2020-08-24 13:17:45.921  INFO 9728 --- [main] com.zaxxer.hikari.HikariDataSource       : HikariPool-1 - Start completed.
2020-08-24 13:17:45.979  INFO 9728 --- [main] j.LocalContainerEntityManagerFactoryBean : Building JPA container EntityManagerFactory for persistence unit 'default'
2020-08-24 13:17:45.992  INFO 9728 --- [main] o.hibernate.jpa.internal.util.LogHelper  : HHH000204: Processing PersistenceUnitInfo [
	name: default
	...]
2020-08-24 13:17:46.064  INFO 9728 --- [main] org.hibernate.Version                    : HHH000412: Hibernate Core {5.2.17.Final}
2020-08-24 13:17:46.065  INFO 9728 --- [main] org.hibernate.cfg.Environment            : HHH000206: hibernate.properties not found
2020-08-24 13:17:46.112  INFO 9728 --- [main] o.hibernate.annotations.common.Version   : HCANN000001: Hibernate Commons Annotations {5.0.1.Final}
2020-08-24 13:17:46.263  INFO 9728 --- [main] org.hibernate.dialect.Dialect            : HHH000400: Using dialect: org.hibernate.dialect.MySQL5Dialect
2020-08-24 13:17:47.045  INFO 9728 --- [main] j.LocalContainerEntityManagerFactoryBean : Initialized JPA EntityManagerFactory for persistence unit 'default'
2020-08-24 13:17:47.445  INFO 9728 --- [main] o.h.h.i.QueryTranslatorFactoryInitiator  : HHH000397: Using ASTQueryTranslatorFactory
2020-08-24 13:17:47.897  INFO 9728 --- [main] o.s.w.s.handler.SimpleUrlHandlerMapping  : Mapped URL path [/**/favicon.ico] onto handler of type [class org.springframework.web.servlet.resource.ResourceHttpRequestHandler]
2020-08-24 13:17:48.189  INFO 9728 --- [main] s.w.s.m.m.a.RequestMappingHandlerAdapter : Looking for @ControllerAdvice: org.springframework.boot.web.servlet.context.AnnotationConfigServletWebServerApplicationContext@5a37d3ed: startup date [Mon Aug 24 13:17:42 CST 2020]; root of context hierarchy
2020-08-24 13:17:48.259  INFO 9728 --- [main] s.w.s.m.m.a.RequestMappingHandlerMapping : Mapped "{[/construction/get/],methods=[GET]}" onto public org.springframework.http.ResponseEntity<java.util.Map<java.lang.String, java.lang.Object>> com.huasit.apm.business.construction.controller.ConstructionController.get(java.lang.Long,javax.servlet.http.HttpServletRequest)
2020-08-24 13:17:48.260  INFO 9728 --- [main] s.w.s.m.m.a.RequestMappingHandlerMapping : Mapped "{[/construction/delete/]}" onto public org.springframework.http.ResponseEntity<java.util.Map<java.lang.String, java.lang.Object>> com.huasit.apm.business.construction.controller.ConstructionController.delete(java.lang.Long,javax.servlet.http.HttpServletRequest)
2020-08-24 13:17:48.260  INFO 9728 --- [main] s.w.s.m.m.a.RequestMappingHandlerMapping : Mapped "{[/construction/list/],methods=[GET]}" onto public org.springframework.http.ResponseEntity<java.util.Map<java.lang.String, java.lang.Object>> com.huasit.apm.business.construction.controller.ConstructionController.list(com.huasit.apm.business.construction.entity.Construction,int,int,javax.servlet.http.HttpServletRequest)
2020-08-24 13:17:48.260  INFO 9728 --- [main] s.w.s.m.m.a.RequestMappingHandlerMapping : Mapped "{[/construction/addOrUpdate/],methods=[POST]}" onto public org.springframework.http.ResponseEntity<java.util.Map<java.lang.String, java.lang.Object>> com.huasit.apm.business.construction.controller.ConstructionController.addOrUpate(com.huasit.apm.business.construction.entity.Construction,javax.servlet.http.HttpServletRequest)
2020-08-24 13:17:48.262  INFO 9728 --- [main] s.w.s.m.m.a.RequestMappingHandlerMapping : Mapped "{[/material/get/],methods=[GET]}" onto public org.springframework.http.ResponseEntity<java.util.Map<java.lang.String, java.lang.Object>> com.huasit.apm.business.material.controller.MaterialController.get(java.lang.Long,javax.servlet.http.HttpServletRequest)
2020-08-24 13:17:48.262  INFO 9728 --- [main] s.w.s.m.m.a.RequestMappingHandlerMapping : Mapped "{[/material/delete/]}" onto public org.springframework.http.ResponseEntity<java.util.Map<java.lang.String, java.lang.Object>> com.huasit.apm.business.material.controller.MaterialController.delete(java.lang.Long,javax.servlet.http.HttpServletRequest)
2020-08-24 13:17:48.262  INFO 9728 --- [main] s.w.s.m.m.a.RequestMappingHandlerMapping : Mapped "{[/material/list/],methods=[GET]}" onto public org.springframework.http.ResponseEntity<java.util.Map<java.lang.String, java.lang.Object>> com.huasit.apm.business.material.controller.MaterialController.list(javax.servlet.http.HttpServletRequest)
2020-08-24 13:17:48.263  INFO 9728 --- [main] s.w.s.m.m.a.RequestMappingHandlerMapping : Mapped "{[/material/addOrUpdate/],methods=[POST]}" onto public org.springframework.http.ResponseEntity<java.util.Map<java.lang.String, java.lang.Object>> com.huasit.apm.business.material.controller.MaterialController.addOrUpate(com.huasit.apm.business.material.entity.Material,javax.servlet.http.HttpServletRequest)
2020-08-24 13:17:48.264  INFO 9728 --- [main] s.w.s.m.m.a.RequestMappingHandlerMapping : Mapped "{[/material/group/get/],methods=[GET]}" onto public org.springframework.http.ResponseEntity<java.util.Map<java.lang.String, java.lang.Object>> com.huasit.apm.business.material.controller.MaterialGroupController.get(java.lang.Long,javax.servlet.http.HttpServletRequest)
2020-08-24 13:17:48.264  INFO 9728 --- [main] s.w.s.m.m.a.RequestMappingHandlerMapping : Mapped "{[/material/group/delete/]}" onto public org.springframework.http.ResponseEntity<java.util.Map<java.lang.String, java.lang.Object>> com.huasit.apm.business.material.controller.MaterialGroupController.delete(java.lang.Long,javax.servlet.http.HttpServletRequest)
2020-08-24 13:17:48.265  INFO 9728 --- [main] s.w.s.m.m.a.RequestMappingHandlerMapping : Mapped "{[/material/group/list/],methods=[GET]}" onto public org.springframework.http.ResponseEntity<java.util.Map<java.lang.String, java.lang.Object>> com.huasit.apm.business.material.controller.MaterialGroupController.list(javax.servlet.http.HttpServletRequest)
2020-08-24 13:17:48.265  INFO 9728 --- [main] s.w.s.m.m.a.RequestMappingHandlerMapping : Mapped "{[/material/group/addOrUpdate/],methods=[POST]}" onto public org.springframework.http.ResponseEntity<java.util.Map<java.lang.String, java.lang.Object>> com.huasit.apm.business.material.controller.MaterialGroupController.addOrUpate(java.lang.Long,java.lang.String,java.lang.Long[],javax.servlet.http.HttpServletRequest)
2020-08-24 13:17:48.268  INFO 9728 --- [main] s.w.s.m.m.a.RequestMappingHandlerMapping : Mapped "{[/submission/get/],methods=[GET]}" onto public org.springframework.http.ResponseEntity<java.util.Map<java.lang.String, java.lang.Object>> com.huasit.apm.business.submission.controller.SubmissionController.get(java.lang.Long,javax.servlet.http.HttpServletRequest)
2020-08-24 13:17:48.269  INFO 9728 --- [main] s.w.s.m.m.a.RequestMappingHandlerMapping : Mapped "{[/submission/delete/]}" onto public org.springframework.http.ResponseEntity<java.util.Map<java.lang.String, java.lang.Object>> com.huasit.apm.business.submission.controller.SubmissionController.delete(java.lang.Long,javax.servlet.http.HttpServletRequest)
2020-08-24 13:17:48.270  INFO 9728 --- [main] s.w.s.m.m.a.RequestMappingHandlerMapping : Mapped "{[/submission/list/],methods=[GET]}" onto public org.springframework.http.ResponseEntity<java.util.Map<java.lang.String, java.lang.Object>> com.huasit.apm.business.submission.controller.SubmissionController.list(com.huasit.apm.business.submission.entity.Submission,java.lang.Long,int,int,javax.servlet.http.HttpServletRequest)
2020-08-24 13:17:48.270  INFO 9728 --- [main] s.w.s.m.m.a.RequestMappingHandlerMapping : Mapped "{[/submission/audit/second/approve/],methods=[POST]}" onto public org.springframework.http.ResponseEntity<java.util.Map<java.lang.String, java.lang.Object>> com.huasit.apm.business.submission.controller.SubmissionController.auditFirstApprove(com.huasit.apm.business.submission.form.AuditSecondForm,javax.servlet.http.HttpServletRequest) throws java.lang.Exception
2020-08-24 13:17:48.271  INFO 9728 --- [main] s.w.s.m.m.a.RequestMappingHandlerMapping : Mapped "{[/submission/audit/first/approve/],methods=[POST]}" onto public org.springframework.http.ResponseEntity<java.util.Map<java.lang.String, java.lang.Object>> com.huasit.apm.business.submission.controller.SubmissionController.auditFirstApprove(com.huasit.apm.business.submission.form.AuditFirstForm,javax.servlet.http.HttpServletRequest) throws java.lang.Exception
2020-08-24 13:17:48.271  INFO 9728 --- [main] s.w.s.m.m.a.RequestMappingHandlerMapping : Mapped "{[/submission/argue/reject/approve/],methods=[POST]}" onto public org.springframework.http.ResponseEntity<java.util.Map<java.lang.String, java.lang.Object>> com.huasit.apm.business.submission.controller.SubmissionController.argueRejectApprove(com.huasit.apm.business.submission.form.ArgueRejectForm,javax.servlet.http.HttpServletRequest) throws java.lang.Exception
2020-08-24 13:17:48.272  INFO 9728 --- [main] s.w.s.m.m.a.RequestMappingHandlerMapping : Mapped "{[/submission/survey/prepare/approve/],methods=[POST]}" onto public org.springframework.http.ResponseEntity<java.util.Map<java.lang.String, java.lang.Object>> com.huasit.apm.business.submission.controller.SubmissionController.surveyPrepareApprove(java.lang.Long,int,java.lang.String,java.lang.String,java.lang.String,java.lang.String,javax.servlet.http.HttpServletRequest) throws java.lang.Exception
2020-08-24 13:17:48.272  INFO 9728 --- [main] s.w.s.m.m.a.RequestMappingHandlerMapping : Mapped "{[/submission/distribution/approves/],methods=[POST]}" onto public org.springframework.http.ResponseEntity<java.util.Map<java.lang.String, java.lang.Object>> com.huasit.apm.business.submission.controller.SubmissionController.distributionApproves(java.lang.Long[],int,java.lang.String,java.lang.Long,java.lang.String,javax.servlet.http.HttpServletRequest)
2020-08-24 13:17:48.273  INFO 9728 --- [main] s.w.s.m.m.a.RequestMappingHandlerMapping : Mapped "{[/submission/survey/scene/approve/],methods=[POST]}" onto public org.springframework.http.ResponseEntity<java.util.Map<java.lang.String, java.lang.Object>> com.huasit.apm.business.submission.controller.SubmissionController.surveySceneApprove(com.huasit.apm.business.submission.form.SurveySceneForm,javax.servlet.http.HttpServletRequest) throws java.lang.Exception
2020-08-24 13:17:48.273  INFO 9728 --- [main] s.w.s.m.m.a.RequestMappingHandlerMapping : Mapped "{[/submission/project/approves/],methods=[POST]}" onto public org.springframework.http.ResponseEntity<java.util.Map<java.lang.String, java.lang.Object>> com.huasit.apm.business.submission.controller.SubmissionController.projectApproves(java.lang.Long[],int,java.lang.String,javax.servlet.http.HttpServletRequest)
2020-08-24 13:17:48.275  INFO 9728 --- [main] s.w.s.m.m.a.RequestMappingHandlerMapping : Mapped "{[/submission/addOrUpdate/],methods=[POST]}" onto public org.springframework.http.ResponseEntity<java.util.Map<java.lang.String, java.lang.Object>> com.huasit.apm.business.submission.controller.SubmissionController.addOrUpdate(com.huasit.apm.business.submission.entity.Submission,javax.servlet.http.HttpServletRequest)
2020-08-24 13:17:48.276  INFO 9728 --- [main] s.w.s.m.m.a.RequestMappingHandlerMapping : Mapped "{[/submission/check/approves/],methods=[POST]}" onto public org.springframework.http.ResponseEntity<java.util.Map<java.lang.String, java.lang.Object>> com.huasit.apm.business.submission.controller.SubmissionController.checkApproves(java.lang.Long[],int,java.lang.String,javax.servlet.http.HttpServletRequest)
2020-08-24 13:17:48.276  INFO 9728 --- [main] s.w.s.m.m.a.RequestMappingHandlerMapping : Mapped "{[/submission/project/approve/],methods=[POST]}" onto public org.springframework.http.ResponseEntity<java.util.Map<java.lang.String, java.lang.Object>> com.huasit.apm.business.submission.controller.SubmissionController.projectApprove(com.huasit.apm.core.comment.entity.Comment,javax.servlet.http.HttpServletRequest)
2020-08-24 13:17:48.277  INFO 9728 --- [main] s.w.s.m.m.a.RequestMappingHandlerMapping : Mapped "{[/submission/argue/approve/],methods=[POST]}" onto public org.springframework.http.ResponseEntity<java.util.Map<java.lang.String, java.lang.Object>> com.huasit.apm.business.submission.controller.SubmissionController.argueApprove(com.huasit.apm.business.submission.form.ArgueForm,javax.servlet.http.HttpServletRequest) throws java.lang.Exception
2020-08-24 13:17:48.278  INFO 9728 --- [main] s.w.s.m.m.a.RequestMappingHandlerMapping : Mapped "{[/comment/list/],methods=[GET]}" onto public org.springframework.http.ResponseEntity<java.util.Map<java.lang.String, java.lang.Object>> com.huasit.apm.core.comment.controller.CommentController.list(java.lang.String,java.lang.Long,javax.servlet.http.HttpServletRequest)
2020-08-24 13:17:48.279  INFO 9728 --- [main] s.w.s.m.m.a.RequestMappingHandlerMapping : Mapped "{[/file/download/],methods=[GET]}" onto public void com.huasit.apm.core.file.controller.FileController.file(java.lang.Long,javax.servlet.http.HttpServletResponse) throws java.lang.Exception
2020-08-24 13:17:48.279  INFO 9728 --- [main] s.w.s.m.m.a.RequestMappingHandlerMapping : Mapped "{[/file/upload/]}" onto public org.springframework.http.ResponseEntity<java.util.Map<java.lang.String, java.lang.Object>> com.huasit.apm.core.file.controller.FileController.upload(org.springframework.web.multipart.MultipartFile,javax.servlet.http.HttpServletRequest)
2020-08-24 13:17:48.280  INFO 9728 --- [main] s.w.s.m.m.a.RequestMappingHandlerMapping : Mapped "{[/menu/list/],methods=[GET]}" onto public org.springframework.http.ResponseEntity<java.util.Map<java.lang.String, java.lang.Object>> com.huasit.apm.core.menu.controller.MenuController.list(java.lang.Long,javax.servlet.http.HttpServletRequest)
2020-08-24 13:17:48.281  INFO 9728 --- [main] s.w.s.m.m.a.RequestMappingHandlerMapping : Mapped "{[/role/get/],methods=[GET]}" onto public org.springframework.http.ResponseEntity<java.util.Map<java.lang.String, java.lang.Object>> com.huasit.apm.core.role.controller.RoleController.get(java.lang.Long,javax.servlet.http.HttpServletRequest)
2020-08-24 13:17:48.281  INFO 9728 --- [main] s.w.s.m.m.a.RequestMappingHandlerMapping : Mapped "{[/role/list/],methods=[GET]}" onto public org.springframework.http.ResponseEntity<java.util.Map<java.lang.String, java.lang.Object>> com.huasit.apm.core.role.controller.RoleController.list(com.huasit.apm.core.role.entity.Role,int,int,javax.servlet.http.HttpServletRequest)
2020-08-24 13:17:48.282  INFO 9728 --- [main] s.w.s.m.m.a.RequestMappingHandlerMapping : Mapped "{[/role/addOrUpdate/]}" onto public org.springframework.http.ResponseEntity<java.util.Map<java.lang.String, java.lang.Object>> com.huasit.apm.core.role.controller.RoleController.addOrUpdate(com.huasit.apm.core.role.entity.Role,javax.servlet.http.HttpServletRequest)
2020-08-24 13:17:48.283  INFO 9728 --- [main] s.w.s.m.m.a.RequestMappingHandlerMapping : Mapped "{[/user/get/],methods=[GET]}" onto public org.springframework.http.ResponseEntity<java.util.Map<java.lang.String, java.lang.Object>> com.huasit.apm.core.user.controller.UserController.get(java.lang.Long,javax.servlet.http.HttpServletRequest)
2020-08-24 13:17:48.283  INFO 9728 --- [main] s.w.s.m.m.a.RequestMappingHandlerMapping : Mapped "{[/user/delete/]}" onto public org.springframework.http.ResponseEntity<java.util.Map<java.lang.String, java.lang.Object>> com.huasit.apm.core.user.controller.UserController.delete(java.lang.Long,javax.servlet.http.HttpServletRequest)
2020-08-24 13:17:48.283  INFO 9728 --- [main] s.w.s.m.m.a.RequestMappingHandlerMapping : Mapped "{[/user/list/],methods=[GET]}" onto public org.springframework.http.ResponseEntity<java.util.Map<java.lang.String, java.lang.Object>> com.huasit.apm.core.user.controller.UserController.list(com.huasit.apm.core.user.entity.User,int,int,javax.servlet.http.HttpServletRequest)
2020-08-24 13:17:48.284  INFO 9728 --- [main] s.w.s.m.m.a.RequestMappingHandlerMapping : Mapped "{[/user/addOrUpdate/]}" onto public org.springframework.http.ResponseEntity<java.util.Map<java.lang.String, java.lang.Object>> com.huasit.apm.core.user.controller.UserController.addOrUpdate(com.huasit.apm.core.user.entity.User,javax.servlet.http.HttpServletRequest)
2020-08-24 13:17:48.286  INFO 9728 --- [main] s.w.s.m.m.a.RequestMappingHandlerMapping : Mapped "{[/workitem/list/],methods=[GET]}" onto public org.springframework.http.ResponseEntity<java.util.Map<java.lang.String, java.lang.Object>> com.huasit.apm.core.workitem.controller.WorkitemController.list(int,int,javax.servlet.http.HttpServletRequest)
2020-08-24 13:17:48.288  INFO 9728 --- [main] s.w.s.m.m.a.RequestMappingHandlerMapping : Mapped "{[/logout/],methods=[GET]}" onto public org.springframework.http.ResponseEntity<java.util.Map<java.lang.String, java.lang.Object>> com.huasit.apm.system.controller.MainController.logout(javax.servlet.http.HttpServletRequest,javax.servlet.http.HttpServletResponse)
2020-08-24 13:17:48.288  INFO 9728 --- [main] s.w.s.m.m.a.RequestMappingHandlerMapping : Mapped "{[/login/],methods=[GET]}" onto public org.springframework.http.ResponseEntity<java.util.Map<java.lang.String, java.lang.Object>> com.huasit.apm.system.controller.MainController.login(javax.servlet.http.HttpServletRequest)
2020-08-24 13:17:48.288  INFO 9728 --- [main] s.w.s.m.m.a.RequestMappingHandlerMapping : Mapped "{[/login/],methods=[POST]}" onto public org.springframework.http.ResponseEntity<java.util.Map<java.lang.String, java.lang.Object>> com.huasit.apm.system.controller.MainController.login(java.lang.String,java.lang.String,javax.servlet.http.HttpServletRequest,javax.servlet.http.HttpServletResponse) throws java.lang.Exception
2020-08-24 13:17:48.290  INFO 9728 --- [main] s.w.s.m.m.a.RequestMappingHandlerMapping : Mapped "{[/error]}" onto public org.springframework.http.ResponseEntity<java.util.Map<java.lang.String, java.lang.Object>> org.springframework.boot.autoconfigure.web.servlet.error.BasicErrorController.error(javax.servlet.http.HttpServletRequest)
2020-08-24 13:17:48.290  INFO 9728 --- [main] s.w.s.m.m.a.RequestMappingHandlerMapping : Mapped "{[/error],produces=[text/html]}" onto public org.springframework.web.servlet.ModelAndView org.springframework.boot.autoconfigure.web.servlet.error.BasicErrorController.errorHtml(javax.servlet.http.HttpServletRequest,javax.servlet.http.HttpServletResponse)
2020-08-24 13:17:48.333  INFO 9728 --- [main] o.s.w.s.handler.SimpleUrlHandlerMapping  : Mapped URL path [/webjars/**] onto handler of type [class org.springframework.web.servlet.resource.ResourceHttpRequestHandler]
2020-08-24 13:17:48.333  INFO 9728 --- [main] o.s.w.s.handler.SimpleUrlHandlerMapping  : Mapped URL path [/static/**] onto handler of type [class org.springframework.web.servlet.resource.ResourceHttpRequestHandler]
2020-08-24 13:17:48.353  INFO 9728 --- [main] .m.m.a.ExceptionHandlerExceptionResolver : Detected @ExceptionHandler methods in systemExceptionHandler
2020-08-24 13:17:48.403  WARN 9728 --- [main] ion$DefaultTemplateResolverConfiguration : Cannot find template location: classpath:/templates/ (please add some templates or check your Thymeleaf configuration)
2020-08-24 13:17:48.407  WARN 9728 --- [main] org.thymeleaf.templatemode.TemplateMode  : [THYMELEAF][main] Template Mode 'HTML5' is deprecated. Using Template Mode 'HTML' instead.
2020-08-24 13:17:49.188  INFO 9728 --- [main] io.searchbox.client.AbstractJestClient   : Setting server pool to a list of 1 servers: [http://localhost:9200]
2020-08-24 13:17:49.189  INFO 9728 --- [main] io.searchbox.client.JestClientFactory    : Using multi thread/connection supporting pooling connection manager
2020-08-24 13:17:49.272  INFO 9728 --- [main] io.searchbox.client.JestClientFactory    : Using custom GSON instance
2020-08-24 13:17:49.272  INFO 9728 --- [main] io.searchbox.client.JestClientFactory    : Node Discovery disabled...
2020-08-24 13:17:49.272  INFO 9728 --- [main] io.searchbox.client.JestClientFactory    : Idle connection reaping disabled...
2020-08-24 13:17:49.645  INFO 9728 --- [main] o.s.j.e.a.AnnotationMBeanExporter        : Registering beans for JMX exposure on startup
2020-08-24 13:17:49.647  INFO 9728 --- [main] o.s.j.e.a.AnnotationMBeanExporter        : Bean with name 'dataSource' has been autodetected for JMX exposure
2020-08-24 13:17:49.654  INFO 9728 --- [main] o.s.j.e.a.AnnotationMBeanExporter        : Located MBean 'dataSource': registering with JMX server as MBean [com.zaxxer.hikari:name=dataSource,type=HikariDataSource]
2020-08-24 13:17:49.683  INFO 9728 --- [main] o.s.b.w.embedded.tomcat.TomcatWebServer  : Tomcat started on port(s): 80 (http) with context path '/api'
2020-08-24 13:17:49.686  INFO 9728 --- [main] com.huasit.apm.Application               : Started Application in 7.478 seconds (JVM running for 9.224)
